-------------------------------------------------------------------------------
Test set: com.example.coupon.domain.CouponDomainTest
-------------------------------------------------------------------------------
Tests run: 5, Failures: 0, Errors: 1, Skipped: 0, Time elapsed: 0.015 s <<< FAILURE! -- in com.example.coupon.domain.CouponDomainTest
com.example.coupon.domain.CouponDomainTest.shouldSanitizeCodeAndKeepSixChars -- Time elapsed: 0.002 s <<< ERROR!
java.lang.IllegalArgumentException: code deve ter 6 caracteres apos sanitizacao
	at com.example.coupon.domain.value.CouponCode.of(CouponCode.java:21)
	at com.example.coupon.domain.Coupon.create(Coupon.java:44)
	at com.example.coupon.domain.CouponDomainTest.shouldSanitizeCodeAndKeepSixChars(CouponDomainTest.java:18)
	at java.base/java.lang.reflect.Method.invoke(Method.java:578)
	at java.base/java.util.ArrayList.forEach(ArrayList.java:1511)
	at java.base/java.util.ArrayList.forEach(ArrayList.java:1511)

