-------------------------------------------------------------------------------
Test set: com.example.coupon.app.CouponAppServiceTest
-------------------------------------------------------------------------------
Tests run: 2, Failures: 0, Errors: 1, Skipped: 0, Time elapsed: 6.062 s <<< FAILURE! -- in com.example.coupon.app.CouponAppServiceTest
com.example.coupon.app.CouponAppServiceTest.createShouldPersistSanitizedCode -- Time elapsed: 0.015 s <<< ERROR!
java.lang.IllegalArgumentException: code deve ter 6 caracteres apos sanitizacao
	at com.example.coupon.domain.value.CouponCode.of(CouponCode.java:21)
	at com.example.coupon.domain.Coupon.create(Coupon.java:44)
	at com.example.coupon.app.CouponAppServiceTest.createShouldPersistSanitizedCode(CouponAppServiceTest.java:27)
	at java.base/java.lang.reflect.Method.invoke(Method.java:578)
	at java.base/java.util.ArrayList.forEach(ArrayList.java:1511)
	at java.base/java.util.ArrayList.forEach(ArrayList.java:1511)

